2022-08-11 18:35:10,429 [ERROR] GET class list for org unit 10756 HTTP Status Code: 404
2022-08-11 18:35:23,691 [INFO] GET class list for org unit 10476 HTTP Status Code: 200
2022-08-11 18:35:24,133 [INFO] GET course offering info org unit HTTP Status Code: 200
2022-08-11 19:36:14,115 [INFO] GET class list for org unit 10476 HTTP Status Code: 200
2022-08-11 19:36:14,686 [INFO] GET course offering info org unit HTTP Status Code: 200
2022-08-11 19:36:16,802 [INFO] GET grades values userId(188) HTTP Status Code: 200
2022-08-11 19:36:17,293 [INFO] GET grades values userId(197) HTTP Status Code: 200
2022-08-11 19:36:18,274 [INFO] GET grades values userId(189) HTTP Status Code: 200
2022-08-11 19:36:18,755 [INFO] GET grades values userId(190) HTTP Status Code: 200
2022-08-11 19:36:19,201 [INFO] GET grades values userId(191) HTTP Status Code: 200
2022-08-11 19:36:19,678 [INFO] GET grades values userId(192) HTTP Status Code: 200
2022-08-11 19:36:20,170 [INFO] GET grades values userId(193) HTTP Status Code: 200
2022-08-11 19:36:20,626 [INFO] GET grades values userId(194) HTTP Status Code: 200
2022-08-11 19:36:21,087 [INFO] GET grades values userId(195) HTTP Status Code: 200
2022-08-11 19:36:21,554 [INFO] GET grades values userId(196) HTTP Status Code: 200
2022-08-11 19:38:10,220 [INFO] GET children of 13325 (paged) HTTP Status Code: 200
2022-08-11 19:38:10,658 [INFO] GET children of 13325 (paged) HTTP Status Code: 200
2022-08-11 19:38:11,306 [INFO] GET children of 13325 (paged) HTTP Status Code: 200
2022-08-11 19:38:11,741 [INFO] GET children of 13325 (paged) HTTP Status Code: 200
2022-08-11 19:38:12,171 [INFO] GET children of 13325 (paged) HTTP Status Code: 200
2022-08-11 19:38:12,611 [INFO] GET children of 13325 (paged) HTTP Status Code: 200
2022-08-11 19:38:13,037 [INFO] GET children of 13325 (paged) HTTP Status Code: 200
2022-08-11 19:38:30,924 [INFO] GET 15229 Table of Contents HTTP Status Code: 200
2022-08-11 19:38:31,368 [INFO] GET 16612 Table of Contents HTTP Status Code: 200
2022-08-11 19:38:31,816 [INFO] GET 16613 Table of Contents HTTP Status Code: 200
2022-08-11 19:38:32,245 [INFO] GET 16614 Table of Contents HTTP Status Code: 200
2022-08-11 19:38:32,682 [INFO] GET 16615 Table of Contents HTTP Status Code: 200
2022-08-11 19:38:33,121 [INFO] GET 16616 Table of Contents HTTP Status Code: 200
2022-08-11 19:38:33,554 [INFO] GET 16617 Table of Contents HTTP Status Code: 200
2022-08-11 19:38:33,980 [INFO] GET 16618 Table of Contents HTTP Status Code: 200
2022-08-11 19:38:34,406 [INFO] GET 16619 Table of Contents HTTP Status Code: 200
2022-08-11 19:38:34,835 [INFO] GET 16620 Table of Contents HTTP Status Code: 200
2022-08-11 19:38:35,267 [INFO] GET 16621 Table of Contents HTTP Status Code: 200
2022-08-11 19:38:35,705 [INFO] GET 16622 Table of Contents HTTP Status Code: 200
2022-08-11 19:38:36,151 [INFO] GET 16623 Table of Contents HTTP Status Code: 200
2022-08-11 19:38:36,588 [INFO] GET 16624 Table of Contents HTTP Status Code: 200
2022-08-11 19:38:37,009 [INFO] GET 16625 Table of Contents HTTP Status Code: 200
2022-08-11 19:38:37,438 [INFO] GET 16626 Table of Contents HTTP Status Code: 200
2022-08-11 19:38:37,868 [INFO] GET 16627 Table of Contents HTTP Status Code: 200
2022-08-11 19:38:38,490 [INFO] POST Course copy 10646 to 15229 {"JobToken":"6133"} HTTP Status Code: 202
2022-08-11 19:38:38,928 [INFO] POST Course copy 10646 to 16612 {"JobToken":"6134"} HTTP Status Code: 202
2022-08-11 19:38:39,925 [INFO] POST Course copy 10646 to 16613 {"JobToken":"6135"} HTTP Status Code: 202
2022-08-11 19:38:40,359 [INFO] POST Course copy 10646 to 16614 {"JobToken":"6136"} HTTP Status Code: 202
2022-08-11 19:38:40,810 [INFO] POST Course copy 10646 to 16615 {"JobToken":"6137"} HTTP Status Code: 202
2022-08-11 19:38:41,240 [INFO] POST Course copy 10646 to 16616 {"JobToken":"6138"} HTTP Status Code: 202
2022-08-11 19:38:41,679 [INFO] POST Course copy 10646 to 16617 {"JobToken":"6139"} HTTP Status Code: 202
2022-08-11 19:38:42,113 [INFO] POST Course copy 10646 to 16618 {"JobToken":"6140"} HTTP Status Code: 202
2022-08-11 19:38:42,550 [INFO] POST Course copy 10646 to 16619 {"JobToken":"6141"} HTTP Status Code: 202
2022-08-11 19:38:42,994 [INFO] POST Course copy 10646 to 16620 {"JobToken":"6142"} HTTP Status Code: 202
2022-08-11 19:38:43,419 [INFO] POST Course copy 10646 to 16621 {"JobToken":"6143"} HTTP Status Code: 202
2022-08-11 19:38:43,844 [INFO] POST Course copy 10646 to 16622 {"JobToken":"6144"} HTTP Status Code: 202
2022-08-11 19:38:44,284 [INFO] POST Course copy 10646 to 16623 {"JobToken":"6145"} HTTP Status Code: 202
2022-08-11 19:38:44,718 [INFO] POST Course copy 10646 to 16624 {"JobToken":"6146"} HTTP Status Code: 202
2022-08-11 19:38:45,152 [INFO] POST Course copy 10646 to 16625 {"JobToken":"6147"} HTTP Status Code: 202
2022-08-11 19:38:45,580 [INFO] POST Course copy 10646 to 16626 {"JobToken":"6148"} HTTP Status Code: 202
2022-08-11 19:38:46,025 [INFO] POST Course copy 10646 to 16627 {"JobToken":"6149"} HTTP Status Code: 202
2022-08-11 20:00:49,248 [INFO] GET children of 13325 (paged) HTTP Status Code: 200
2022-08-11 20:00:49,686 [INFO] GET children of 13325 (paged) HTTP Status Code: 200
2022-08-11 20:00:50,126 [INFO] GET children of 13325 (paged) HTTP Status Code: 200
2022-08-11 20:00:50,564 [INFO] GET children of 13325 (paged) HTTP Status Code: 200
2022-08-11 20:00:50,997 [INFO] GET children of 13325 (paged) HTTP Status Code: 200
2022-08-11 20:00:51,440 [INFO] GET children of 13325 (paged) HTTP Status Code: 200
2022-08-11 20:00:51,874 [INFO] GET children of 13325 (paged) HTTP Status Code: 200
2022-08-11 20:01:38,173 [INFO] GET children of 13325 (paged) HTTP Status Code: 200
2022-08-11 20:01:38,606 [INFO] GET children of 13325 (paged) HTTP Status Code: 200
2022-08-11 20:01:39,047 [INFO] GET children of 13325 (paged) HTTP Status Code: 200
2022-08-11 20:01:39,497 [INFO] GET children of 13325 (paged) HTTP Status Code: 200
2022-08-11 20:01:39,949 [INFO] GET children of 13325 (paged) HTTP Status Code: 200
2022-08-11 20:01:40,430 [INFO] GET children of 13325 (paged) HTTP Status Code: 200
2022-08-11 20:01:40,879 [INFO] GET children of 13325 (paged) HTTP Status Code: 200
2022-08-11 20:03:32,165 [INFO] GET children of 13325 (paged) HTTP Status Code: 200
2022-08-11 20:03:32,619 [INFO] GET children of 13325 (paged) HTTP Status Code: 200
2022-08-11 20:03:33,051 [INFO] GET children of 13325 (paged) HTTP Status Code: 200
2022-08-11 20:03:33,543 [INFO] GET children of 13325 (paged) HTTP Status Code: 200
2022-08-11 20:03:34,005 [INFO] GET children of 13325 (paged) HTTP Status Code: 200
2022-08-11 20:03:34,449 [INFO] GET children of 13325 (paged) HTTP Status Code: 200
2022-08-11 20:03:34,882 [INFO] GET children of 13325 (paged) HTTP Status Code: 200
2022-08-11 20:04:28,707 [INFO] GET children of 13325 (paged) HTTP Status Code: 200
2022-08-11 20:04:29,183 [INFO] GET children of 13325 (paged) HTTP Status Code: 200
2022-08-11 20:04:29,629 [INFO] GET children of 13325 (paged) HTTP Status Code: 200
2022-08-11 20:04:30,066 [INFO] GET children of 13325 (paged) HTTP Status Code: 200
2022-08-11 20:04:30,495 [INFO] GET children of 13325 (paged) HTTP Status Code: 200
2022-08-11 20:04:30,947 [INFO] GET children of 13325 (paged) HTTP Status Code: 200
2022-08-11 20:04:31,377 [INFO] GET children of 13325 (paged) HTTP Status Code: 200
2022-08-11 20:05:42,554 [INFO] GET children of 13325 (paged) HTTP Status Code: 200
2022-08-11 20:05:43,001 [INFO] GET children of 13325 (paged) HTTP Status Code: 200
2022-08-11 20:05:43,442 [INFO] GET children of 13325 (paged) HTTP Status Code: 200
2022-08-11 20:05:43,876 [INFO] GET children of 13325 (paged) HTTP Status Code: 200
2022-08-11 20:05:44,360 [INFO] GET children of 13325 (paged) HTTP Status Code: 200
2022-08-11 20:05:44,800 [INFO] GET children of 13325 (paged) HTTP Status Code: 200
2022-08-11 20:05:45,231 [INFO] GET children of 13325 (paged) HTTP Status Code: 200
2022-08-11 20:10:29,428 [INFO] GET children of 13325 (paged) HTTP Status Code: 200
2022-08-11 20:10:29,915 [INFO] GET children of 13325 (paged) HTTP Status Code: 200
2022-08-11 20:10:30,376 [INFO] GET children of 13325 (paged) HTTP Status Code: 200
2022-08-11 20:10:30,814 [INFO] GET children of 13325 (paged) HTTP Status Code: 200
2022-08-11 20:10:31,273 [INFO] GET children of 13325 (paged) HTTP Status Code: 200
2022-08-11 20:10:31,721 [INFO] GET children of 13325 (paged) HTTP Status Code: 200
2022-08-11 20:10:32,148 [INFO] GET children of 13325 (paged) HTTP Status Code: 200
2022-08-11 20:15:34,040 [INFO] GET children of 13325 (paged) HTTP Status Code: 200
2022-08-11 20:15:34,490 [INFO] GET children of 13325 (paged) HTTP Status Code: 200
2022-08-11 20:15:34,920 [INFO] GET children of 13325 (paged) HTTP Status Code: 200
2022-08-11 20:15:35,366 [INFO] GET children of 13325 (paged) HTTP Status Code: 200
2022-08-11 20:15:35,805 [INFO] GET children of 13325 (paged) HTTP Status Code: 200
2022-08-11 20:15:36,245 [INFO] GET children of 13325 (paged) HTTP Status Code: 200
2022-08-11 20:15:36,682 [INFO] GET children of 13325 (paged) HTTP Status Code: 200
2022-08-11 20:17:06,203 [ERROR] GET children of N/A (paged) HTTP Status Code: 404
2022-08-11 20:17:23,887 [ERROR] GET children of  (paged) HTTP Status Code: 404
2022-08-11 20:19:58,083 [ERROR] GET children of FASD (paged) HTTP Status Code: 404
2022-08-11 20:20:36,319 [INFO] GET children of 6857 (paged) HTTP Status Code: 200
2022-08-11 20:21:31,447 [INFO] GET children of 6857 (paged) HTTP Status Code: 200
2022-08-11 20:44:19,965 [INFO] GET 14098 Table of Contents HTTP Status Code: 200
2022-08-11 20:44:20,893 [INFO] GET class list for org unit 14098 HTTP Status Code: 200
2022-08-11 20:44:21,764 [INFO] GET File from url https://lms.otis.edu/d2l/api/le/1.47/14098/content/topics/132544/file HTTP Status Code: 200
2022-08-11 20:44:23,716 [INFO] GET 13985 Table of Contents HTTP Status Code: 200
2022-08-11 20:44:24,155 [INFO] GET class list for org unit 13985 HTTP Status Code: 200
2022-08-11 20:44:25,859 [INFO] GET 13994 Table of Contents HTTP Status Code: 200
2022-08-11 20:44:26,335 [INFO] GET class list for org unit 13994 HTTP Status Code: 200
2022-08-11 20:44:26,802 [INFO] GET 13998 Table of Contents HTTP Status Code: 200
2022-08-11 20:44:27,275 [INFO] GET class list for org unit 13998 HTTP Status Code: 200
2022-08-11 20:44:27,779 [INFO] GET 14683 Table of Contents HTTP Status Code: 200
2022-08-11 20:44:28,236 [INFO] GET class list for org unit 14683 HTTP Status Code: 200
2022-08-11 20:44:28,772 [INFO] GET 13834 Table of Contents HTTP Status Code: 200
2022-08-11 20:44:29,228 [INFO] GET class list for org unit 13834 HTTP Status Code: 200
2022-08-11 20:44:30,034 [INFO] GET File from url https://lms.otis.edu/d2l/api/le/1.47/13834/content/topics/123353/file HTTP Status Code: 200
2022-08-11 20:44:30,503 [INFO] GET 13827 Table of Contents HTTP Status Code: 200
2022-08-11 20:44:30,977 [INFO] GET class list for org unit 13827 HTTP Status Code: 200
2022-08-11 20:44:31,548 [INFO] GET 14228 Table of Contents HTTP Status Code: 200
2022-08-11 20:44:31,986 [INFO] GET class list for org unit 14228 HTTP Status Code: 200
2022-08-11 20:44:32,472 [INFO] GET 14279 Table of Contents HTTP Status Code: 200
2022-08-11 20:44:32,926 [INFO] GET class list for org unit 14279 HTTP Status Code: 200
2022-08-11 20:44:34,095 [INFO] GET 14704 Table of Contents HTTP Status Code: 200
2022-08-11 20:44:34,613 [INFO] GET class list for org unit 14704 HTTP Status Code: 200
2022-08-11 20:44:35,213 [INFO] GET File from url https://lms.otis.edu/d2l/api/le/1.47/14704/content/topics/134353/file HTTP Status Code: 200
2022-08-11 20:44:35,716 [INFO] GET 14008 Table of Contents HTTP Status Code: 200
2022-08-11 20:44:36,194 [INFO] GET class list for org unit 14008 HTTP Status Code: 200
2022-08-11 20:44:36,922 [INFO] GET File from url https://lms.otis.edu/d2l/api/le/1.47/14008/content/topics/132546/file HTTP Status Code: 200
2022-08-11 20:44:37,378 [INFO] GET 13958 Table of Contents HTTP Status Code: 200
2022-08-11 20:44:37,811 [INFO] GET class list for org unit 13958 HTTP Status Code: 200
2022-08-11 20:44:38,286 [INFO] GET 13968 Table of Contents HTTP Status Code: 200
2022-08-11 20:44:38,744 [INFO] GET class list for org unit 13968 HTTP Status Code: 200
2022-08-11 20:44:39,262 [INFO] GET File from url https://lms.otis.edu/d2l/api/le/1.47/13968/content/topics/128220/file HTTP Status Code: 200
2022-08-11 20:44:39,773 [INFO] GET 13988 Table of Contents HTTP Status Code: 200
2022-08-11 20:44:40,250 [INFO] GET class list for org unit 13988 HTTP Status Code: 200
2022-08-11 20:44:40,774 [INFO] GET 13974 Table of Contents HTTP Status Code: 200
2022-08-11 20:44:41,248 [INFO] GET class list for org unit 13974 HTTP Status Code: 200
2022-08-11 20:44:41,728 [INFO] GET 13978 Table of Contents HTTP Status Code: 200
2022-08-11 20:44:42,186 [INFO] GET class list for org unit 13978 HTTP Status Code: 200
2022-08-11 20:44:42,653 [INFO] GET 13981 Table of Contents HTTP Status Code: 200
2022-08-11 20:44:43,095 [INFO] GET class list for org unit 13981 HTTP Status Code: 200
2022-08-11 20:44:43,572 [INFO] GET 13764 Table of Contents HTTP Status Code: 200
2022-08-11 20:44:44,020 [INFO] GET class list for org unit 13764 HTTP Status Code: 200
2022-08-11 20:44:44,694 [INFO] GET File from url https://lms.otis.edu/d2l/api/le/1.47/13764/content/topics/134100/file HTTP Status Code: 200
2022-08-11 20:44:45,158 [INFO] GET 14064 Table of Contents HTTP Status Code: 200
2022-08-11 20:44:45,597 [INFO] GET class list for org unit 14064 HTTP Status Code: 200
2022-08-11 20:44:46,269 [INFO] GET File from url https://lms.otis.edu/d2l/api/le/1.47/14064/content/topics/133699/file HTTP Status Code: 200
2022-08-11 20:44:46,746 [INFO] GET 13773 Table of Contents HTTP Status Code: 200
2022-08-11 20:44:47,215 [INFO] GET class list for org unit 13773 HTTP Status Code: 200
2022-08-11 20:44:47,929 [INFO] GET File from url https://lms.otis.edu/d2l/api/le/1.47/13773/content/topics/129657/file HTTP Status Code: 200
2022-08-11 20:44:48,462 [INFO] GET 13794 Table of Contents HTTP Status Code: 200
2022-08-11 20:44:48,921 [INFO] GET class list for org unit 13794 HTTP Status Code: 200
2022-08-11 20:44:49,615 [INFO] GET File from url https://lms.otis.edu/d2l/api/le/1.47/13794/content/topics/133121/file HTTP Status Code: 200
2022-08-11 20:44:50,097 [INFO] GET 13817 Table of Contents HTTP Status Code: 200
2022-08-11 20:44:50,543 [INFO] GET class list for org unit 13817 HTTP Status Code: 200
2022-08-11 20:44:51,317 [INFO] GET File from url https://lms.otis.edu/d2l/api/le/1.47/13817/content/topics/131256/file HTTP Status Code: 200
2022-08-11 20:44:51,937 [INFO] GET 13816 Table of Contents HTTP Status Code: 200
2022-08-11 20:44:52,408 [INFO] GET class list for org unit 13816 HTTP Status Code: 200
2022-08-11 20:44:53,100 [INFO] GET File from url https://lms.otis.edu/d2l/api/le/1.47/13816/content/topics/127796/file HTTP Status Code: 200
2022-08-11 20:44:53,722 [INFO] GET 14424 Table of Contents HTTP Status Code: 200
2022-08-11 20:44:54,178 [INFO] GET class list for org unit 14424 HTTP Status Code: 200
2022-08-11 20:44:54,661 [INFO] GET 13804 Table of Contents HTTP Status Code: 200
2022-08-11 20:44:55,109 [INFO] GET class list for org unit 13804 HTTP Status Code: 200
2022-08-11 20:44:55,826 [INFO] GET File from url https://lms.otis.edu/d2l/api/le/1.47/13804/content/topics/129436/file HTTP Status Code: 200
2022-08-11 20:44:56,314 [INFO] GET 13800 Table of Contents HTTP Status Code: 200
2022-08-11 20:44:56,762 [INFO] GET class list for org unit 13800 HTTP Status Code: 200
2022-08-11 20:44:57,427 [INFO] GET File from url https://lms.otis.edu/d2l/api/le/1.47/13800/content/topics/129438/file HTTP Status Code: 200
2022-08-11 20:44:57,891 [INFO] GET 13822 Table of Contents HTTP Status Code: 200
2022-08-11 20:44:58,340 [INFO] GET class list for org unit 13822 HTTP Status Code: 200
2022-08-11 20:44:58,908 [INFO] GET File from url https://lms.otis.edu/d2l/api/le/1.47/13822/content/topics/129435/file HTTP Status Code: 200
2022-08-11 20:44:59,413 [INFO] GET 14072 Table of Contents HTTP Status Code: 200
2022-08-11 20:44:59,866 [INFO] GET class list for org unit 14072 HTTP Status Code: 200
2022-08-11 20:45:00,431 [INFO] GET File from url https://lms.otis.edu/d2l/api/le/1.47/14072/content/topics/131331/file HTTP Status Code: 200
2022-08-11 20:45:00,941 [INFO] GET 14016 Table of Contents HTTP Status Code: 200
2022-08-11 20:45:01,484 [INFO] GET class list for org unit 14016 HTTP Status Code: 200
2022-08-11 20:45:02,185 [INFO] GET File from url https://lms.otis.edu/d2l/api/le/1.47/14016/content/topics/129568/file HTTP Status Code: 200
2022-08-11 20:45:02,679 [INFO] GET 13849 Table of Contents HTTP Status Code: 200
2022-08-11 20:45:03,171 [INFO] GET class list for org unit 13849 HTTP Status Code: 200
2022-08-11 20:45:03,913 [INFO] GET File from url https://lms.otis.edu/d2l/api/le/1.47/13849/content/topics/132539/file HTTP Status Code: 200
2022-08-11 20:45:04,421 [INFO] GET 14013 Table of Contents HTTP Status Code: 200
2022-08-11 20:45:04,878 [INFO] GET class list for org unit 14013 HTTP Status Code: 200
2022-08-11 20:45:05,598 [INFO] GET File from url https://lms.otis.edu/d2l/api/le/1.47/14013/content/topics/127626/file HTTP Status Code: 200
2022-08-11 20:45:06,123 [INFO] GET 14080 Table of Contents HTTP Status Code: 200
2022-08-11 20:45:06,561 [INFO] GET class list for org unit 14080 HTTP Status Code: 200
2022-08-11 20:45:07,172 [INFO] GET File from url https://lms.otis.edu/d2l/api/le/1.47/14080/content/topics/135545/file HTTP Status Code: 200
2022-08-11 20:45:07,673 [INFO] GET 14296 Table of Contents HTTP Status Code: 200
2022-08-11 20:45:08,123 [INFO] GET class list for org unit 14296 HTTP Status Code: 200
2022-08-11 20:45:08,743 [INFO] GET 13862 Table of Contents HTTP Status Code: 200
2022-08-11 20:45:09,202 [INFO] GET class list for org unit 13862 HTTP Status Code: 200
2022-08-11 20:45:09,701 [INFO] GET 14687 Table of Contents HTTP Status Code: 200
2022-08-11 20:45:10,158 [INFO] GET class list for org unit 14687 HTTP Status Code: 200
2022-08-11 20:45:10,635 [INFO] GET 14681 Table of Contents HTTP Status Code: 200
2022-08-11 20:45:11,111 [INFO] GET class list for org unit 14681 HTTP Status Code: 200
2022-08-11 20:45:11,839 [INFO] GET File from url https://lms.otis.edu/d2l/api/le/1.47/14681/content/topics/130553/file HTTP Status Code: 200
2022-08-11 20:45:12,361 [INFO] GET 14088 Table of Contents HTTP Status Code: 200
2022-08-11 20:45:12,806 [INFO] GET class list for org unit 14088 HTTP Status Code: 200
2022-08-11 20:45:13,419 [INFO] GET 13757 Table of Contents HTTP Status Code: 200
2022-08-11 20:45:13,861 [INFO] GET class list for org unit 13757 HTTP Status Code: 200
2022-08-11 20:45:14,543 [INFO] GET File from url https://lms.otis.edu/d2l/api/le/1.47/13757/content/topics/128830/file HTTP Status Code: 200
2022-08-11 20:45:15,096 [INFO] GET 13813 Table of Contents HTTP Status Code: 200
2022-08-11 20:45:16,620 [INFO] GET class list for org unit 13813 HTTP Status Code: 200
2022-08-11 20:45:17,119 [INFO] GET 13810 Table of Contents HTTP Status Code: 200
2022-08-11 20:45:17,566 [INFO] GET class list for org unit 13810 HTTP Status Code: 200
2022-08-11 20:45:18,016 [INFO] GET 13818 Table of Contents HTTP Status Code: 200
2022-08-11 20:45:18,466 [INFO] GET class list for org unit 13818 HTTP Status Code: 200
2022-08-11 20:45:18,946 [INFO] GET 15056 Table of Contents HTTP Status Code: 200
2022-08-11 20:45:19,415 [INFO] GET class list for org unit 15056 HTTP Status Code: 200
2022-08-11 20:45:19,900 [INFO] GET 15040 Table of Contents HTTP Status Code: 200
2022-08-11 20:45:20,350 [INFO] GET class list for org unit 15040 HTTP Status Code: 200
2022-08-11 20:45:20,826 [INFO] GET 15099 Table of Contents HTTP Status Code: 200
2022-08-11 20:45:21,274 [INFO] GET class list for org unit 15099 HTTP Status Code: 200
2022-08-11 20:45:21,721 [INFO] GET 15047 Table of Contents HTTP Status Code: 200
2022-08-11 20:45:22,190 [INFO] GET class list for org unit 15047 HTTP Status Code: 200
2022-08-11 20:45:22,655 [INFO] GET 15032 Table of Contents HTTP Status Code: 200
2022-08-11 20:45:23,101 [INFO] GET class list for org unit 15032 HTTP Status Code: 200
2022-08-11 20:45:23,579 [INFO] GET 15030 Table of Contents HTTP Status Code: 200
2022-08-11 20:45:24,014 [INFO] GET class list for org unit 15030 HTTP Status Code: 200
2022-08-11 20:45:24,468 [INFO] GET 15064 Table of Contents HTTP Status Code: 200
2022-08-11 20:45:24,924 [INFO] GET class list for org unit 15064 HTTP Status Code: 200
2022-08-11 20:45:25,415 [INFO] GET 15049 Table of Contents HTTP Status Code: 200
2022-08-11 20:45:25,881 [INFO] GET class list for org unit 15049 HTTP Status Code: 200
2022-08-11 20:45:26,378 [INFO] GET 15046 Table of Contents HTTP Status Code: 200
2022-08-11 20:45:26,852 [INFO] GET class list for org unit 15046 HTTP Status Code: 200
2022-08-11 20:45:27,322 [INFO] GET 15062 Table of Contents HTTP Status Code: 200
2022-08-11 20:45:27,766 [INFO] GET class list for org unit 15062 HTTP Status Code: 200
2022-08-11 20:45:28,239 [INFO] GET 14963 Table of Contents HTTP Status Code: 200
2022-08-11 20:45:28,690 [INFO] GET class list for org unit 14963 HTTP Status Code: 200
2022-08-11 20:45:29,180 [INFO] GET 15063 Table of Contents HTTP Status Code: 200
2022-08-11 20:45:29,629 [INFO] GET class list for org unit 15063 HTTP Status Code: 200
2022-08-11 20:45:30,095 [INFO] GET 15054 Table of Contents HTTP Status Code: 200
2022-08-11 20:45:30,533 [INFO] GET class list for org unit 15054 HTTP Status Code: 200
2022-08-11 20:45:30,999 [INFO] GET 15042 Table of Contents HTTP Status Code: 200
2022-08-11 20:45:31,449 [INFO] GET class list for org unit 15042 HTTP Status Code: 200
2022-08-11 20:45:31,881 [ERROR] GET 15048 Table of Contents HTTP Status Code: 404
2022-08-11 20:45:32,356 [INFO] GET 15057 Table of Contents HTTP Status Code: 200
2022-08-11 20:45:32,808 [INFO] GET class list for org unit 15057 HTTP Status Code: 200
2022-08-11 20:45:33,285 [INFO] GET 14091 Table of Contents HTTP Status Code: 200
2022-08-11 20:45:33,730 [INFO] GET class list for org unit 14091 HTTP Status Code: 200
2022-08-11 20:45:34,305 [INFO] GET 14278 Table of Contents HTTP Status Code: 200
2022-08-11 20:45:34,775 [INFO] GET class list for org unit 14278 HTTP Status Code: 200
2022-08-11 20:45:35,470 [INFO] GET File from url https://lms.otis.edu/d2l/api/le/1.47/14278/content/topics/129403/file HTTP Status Code: 200
2022-08-11 20:45:36,066 [INFO] GET 14319 Table of Contents HTTP Status Code: 200
2022-08-11 20:45:36,523 [INFO] GET class list for org unit 14319 HTTP Status Code: 200
2022-08-11 20:45:37,353 [INFO] GET File from url https://lms.otis.edu/d2l/api/le/1.47/14319/content/topics/129405/file HTTP Status Code: 200
2022-08-11 20:45:37,985 [INFO] GET 14394 Table of Contents HTTP Status Code: 200
2022-08-11 20:45:38,459 [INFO] GET class list for org unit 14394 HTTP Status Code: 200
2022-08-11 20:45:39,163 [INFO] GET File from url https://lms.otis.edu/d2l/api/le/1.47/14394/content/topics/128431/file HTTP Status Code: 200
2022-08-11 20:45:39,637 [INFO] GET 14071 Table of Contents HTTP Status Code: 200
2022-08-11 20:45:40,130 [INFO] GET class list for org unit 14071 HTTP Status Code: 200
2022-08-11 20:45:40,761 [INFO] GET File from url https://lms.otis.edu/d2l/api/le/1.47/14071/content/topics/131337/file HTTP Status Code: 200
2022-08-11 20:45:41,669 [INFO] GET 13857 Table of Contents HTTP Status Code: 200
2022-08-11 20:45:42,162 [INFO] GET class list for org unit 13857 HTTP Status Code: 200
2022-08-11 20:45:42,648 [INFO] GET 13843 Table of Contents HTTP Status Code: 200
2022-08-11 20:45:43,099 [INFO] GET class list for org unit 13843 HTTP Status Code: 200
2022-08-11 20:45:43,655 [INFO] GET File from url https://lms.otis.edu/d2l/api/le/1.47/13843/content/topics/133502/file HTTP Status Code: 200
2022-08-11 20:45:44,127 [INFO] GET 13990 Table of Contents HTTP Status Code: 200
2022-08-11 20:45:44,584 [INFO] GET class list for org unit 13990 HTTP Status Code: 200
2022-08-11 20:45:45,280 [INFO] GET File from url https://lms.otis.edu/d2l/api/le/1.47/13990/content/topics/128958/file HTTP Status Code: 200
2022-08-11 20:45:45,762 [INFO] GET 14010 Table of Contents HTTP Status Code: 200
2022-08-11 20:45:46,208 [INFO] GET class list for org unit 14010 HTTP Status Code: 200
2022-08-11 20:45:46,887 [INFO] GET File from url https://lms.otis.edu/d2l/api/le/1.47/14010/content/topics/133623/file HTTP Status Code: 200
2022-08-11 20:45:47,391 [INFO] GET 13859 Table of Contents HTTP Status Code: 200
2022-08-11 20:45:47,828 [INFO] GET class list for org unit 13859 HTTP Status Code: 200
2022-08-11 20:45:48,455 [INFO] GET File from url https://lms.otis.edu/d2l/api/le/1.47/13859/content/topics/128452/file HTTP Status Code: 200
2022-08-11 20:45:48,921 [INFO] GET 13856 Table of Contents HTTP Status Code: 200
2022-08-11 20:45:49,428 [INFO] GET class list for org unit 13856 HTTP Status Code: 200
2022-08-11 20:45:50,094 [INFO] GET File from url https://lms.otis.edu/d2l/api/le/1.47/13856/content/topics/128454/file HTTP Status Code: 200
2022-08-11 20:45:50,565 [INFO] GET 14733 Table of Contents HTTP Status Code: 200
2022-08-11 20:45:51,032 [INFO] GET class list for org unit 14733 HTTP Status Code: 200
2022-08-11 20:45:51,492 [INFO] GET 13865 Table of Contents HTTP Status Code: 200
2022-08-11 20:45:51,956 [INFO] GET class list for org unit 13865 HTTP Status Code: 200
2022-08-11 20:45:52,593 [INFO] GET File from url https://lms.otis.edu/d2l/api/le/1.47/13865/content/topics/128014/file HTTP Status Code: 200
2022-08-11 20:45:53,095 [INFO] GET 13825 Table of Contents HTTP Status Code: 200
2022-08-11 20:45:53,544 [INFO] GET class list for org unit 13825 HTTP Status Code: 200
2022-08-11 20:45:54,296 [INFO] GET File from url https://lms.otis.edu/d2l/api/le/1.47/13825/content/topics/133056/file HTTP Status Code: 200
2022-08-11 20:45:54,778 [INFO] GET 14053 Table of Contents HTTP Status Code: 200
2022-08-11 20:45:55,230 [INFO] GET class list for org unit 14053 HTTP Status Code: 200
2022-08-11 20:45:55,884 [INFO] GET File from url https://lms.otis.edu/d2l/api/le/1.47/14053/content/topics/131344/file HTTP Status Code: 200
2022-08-11 20:45:56,374 [INFO] GET 14425 Table of Contents HTTP Status Code: 200
2022-08-11 20:45:56,829 [INFO] GET class list for org unit 14425 HTTP Status Code: 200
2022-08-11 20:45:57,386 [INFO] GET File from url https://lms.otis.edu/d2l/api/le/1.47/14425/content/topics/128436/file HTTP Status Code: 200
2022-08-11 20:45:57,915 [INFO] GET 13774 Table of Contents HTTP Status Code: 200
2022-08-11 20:45:58,365 [INFO] GET class list for org unit 13774 HTTP Status Code: 200
2022-08-11 20:45:59,020 [INFO] GET File from url https://lms.otis.edu/d2l/api/le/1.47/13774/content/topics/128415/file HTTP Status Code: 200
2022-08-11 20:45:59,775 [INFO] GET 13780 Table of Contents HTTP Status Code: 200
2022-08-11 20:46:00,225 [INFO] GET class list for org unit 13780 HTTP Status Code: 200
2022-08-11 20:46:00,787 [INFO] GET 13778 Table of Contents HTTP Status Code: 200
2022-08-11 20:46:01,264 [INFO] GET class list for org unit 13778 HTTP Status Code: 200
2022-08-11 20:46:01,888 [INFO] GET File from url https://lms.otis.edu/d2l/api/le/1.47/13778/content/topics/128277/file HTTP Status Code: 200
2022-08-11 20:46:02,392 [INFO] GET 13772 Table of Contents HTTP Status Code: 200
2022-08-11 20:46:02,857 [INFO] GET class list for org unit 13772 HTTP Status Code: 200
2022-08-11 20:46:03,417 [INFO] GET 14419 Table of Contents HTTP Status Code: 200
2022-08-11 20:46:03,870 [INFO] GET class list for org unit 14419 HTTP Status Code: 200
2022-08-11 20:46:04,719 [INFO] GET File from url https://lms.otis.edu/d2l/api/le/1.47/14419/content/topics/130838/file HTTP Status Code: 200
2022-08-11 20:46:05,242 [INFO] GET 14420 Table of Contents HTTP Status Code: 200
2022-08-11 20:46:05,700 [INFO] GET class list for org unit 14420 HTTP Status Code: 200
2022-08-11 20:46:06,494 [INFO] GET File from url https://lms.otis.edu/d2l/api/le/1.47/14420/content/topics/123352/file HTTP Status Code: 200
2022-08-11 20:46:06,990 [INFO] GET 14052 Table of Contents HTTP Status Code: 200
2022-08-11 20:46:07,455 [INFO] GET class list for org unit 14052 HTTP Status Code: 200
2022-08-11 20:46:08,051 [INFO] GET File from url https://lms.otis.edu/d2l/api/le/1.47/14052/content/topics/132435/file HTTP Status Code: 200
2022-08-11 20:46:08,683 [INFO] GET 14082 Table of Contents HTTP Status Code: 200
2022-08-11 20:46:10,132 [INFO] GET class list for org unit 14082 HTTP Status Code: 200
2022-08-11 20:46:10,841 [INFO] GET 14311 Table of Contents HTTP Status Code: 200
2022-08-11 20:46:11,297 [INFO] GET class list for org unit 14311 HTTP Status Code: 200
2022-08-11 20:46:11,883 [INFO] GET 14674 Table of Contents HTTP Status Code: 200
2022-08-11 20:46:12,356 [INFO] GET class list for org unit 14674 HTTP Status Code: 200
2022-08-11 20:46:12,835 [INFO] GET 14024 Table of Contents HTTP Status Code: 200
2022-08-11 20:46:13,287 [INFO] GET class list for org unit 14024 HTTP Status Code: 200
2022-08-11 20:46:13,813 [INFO] GET 14022 Table of Contents HTTP Status Code: 200
2022-08-11 20:46:14,277 [INFO] GET class list for org unit 14022 HTTP Status Code: 200
2022-08-11 20:46:14,991 [INFO] GET File from url https://lms.otis.edu/d2l/api/le/1.47/14022/content/topics/128434/file HTTP Status Code: 200
2022-08-11 20:46:15,598 [INFO] GET 14031 Table of Contents HTTP Status Code: 200
2022-08-11 20:46:16,058 [INFO] GET class list for org unit 14031 HTTP Status Code: 200
2022-08-11 20:46:16,654 [INFO] GET 14036 Table of Contents HTTP Status Code: 200
2022-08-11 20:46:17,110 [INFO] GET class list for org unit 14036 HTTP Status Code: 200
2022-08-11 20:46:17,718 [INFO] GET 14042 Table of Contents HTTP Status Code: 200
2022-08-11 20:46:18,196 [INFO] GET class list for org unit 14042 HTTP Status Code: 200
2022-08-11 20:46:18,882 [INFO] GET 14673 Table of Contents HTTP Status Code: 200
2022-08-11 20:46:19,326 [INFO] GET class list for org unit 14673 HTTP Status Code: 200
2022-08-11 20:46:20,120 [INFO] GET 14416 Table of Contents HTTP Status Code: 200
2022-08-11 20:46:20,600 [INFO] GET class list for org unit 14416 HTTP Status Code: 200
2022-08-11 20:46:21,264 [INFO] GET File from url https://lms.otis.edu/d2l/api/le/1.47/14416/content/topics/132385/file HTTP Status Code: 200
2022-08-11 20:46:21,863 [INFO] GET 14300 Table of Contents HTTP Status Code: 200
2022-08-11 20:46:22,333 [INFO] GET class list for org unit 14300 HTTP Status Code: 200
2022-08-11 20:46:23,044 [INFO] GET File from url https://lms.otis.edu/d2l/api/le/1.47/14300/content/topics/129404/file HTTP Status Code: 200
2022-08-11 20:46:23,577 [INFO] GET 14435 Table of Contents HTTP Status Code: 200
2022-08-11 20:46:25,259 [INFO] GET class list for org unit 14435 HTTP Status Code: 200
2022-08-11 20:46:25,721 [INFO] GET 14058 Table of Contents HTTP Status Code: 200
2022-08-11 20:46:26,175 [INFO] GET class list for org unit 14058 HTTP Status Code: 200
2022-08-11 20:46:26,684 [INFO] GET 13768 Table of Contents HTTP Status Code: 200
2022-08-11 20:46:27,152 [INFO] GET class list for org unit 13768 HTTP Status Code: 200
2022-08-11 20:46:27,714 [INFO] GET File from url https://lms.otis.edu/d2l/api/le/1.47/13768/content/topics/140129/file HTTP Status Code: 200
2022-08-11 20:46:28,184 [INFO] GET 13782 Table of Contents HTTP Status Code: 200
2022-08-11 20:46:28,637 [INFO] GET class list for org unit 13782 HTTP Status Code: 200
2022-08-11 20:46:29,895 [INFO] GET 13784 Table of Contents HTTP Status Code: 200
2022-08-11 20:46:30,447 [INFO] GET class list for org unit 13784 HTTP Status Code: 200
2022-08-11 20:52:08,061 [INFO] GET children of 13325 (paged) HTTP Status Code: 200
2022-08-11 20:52:08,490 [INFO] GET children of 13325 (paged) HTTP Status Code: 200
2022-08-11 20:52:08,937 [INFO] GET children of 13325 (paged) HTTP Status Code: 200
2022-08-11 20:52:09,374 [INFO] GET children of 13325 (paged) HTTP Status Code: 200
2022-08-11 20:52:09,822 [INFO] GET children of 13325 (paged) HTTP Status Code: 200
2022-08-11 20:52:10,268 [INFO] GET children of 13325 (paged) HTTP Status Code: 200
2022-08-11 20:52:10,695 [INFO] GET children of 13325 (paged) HTTP Status Code: 200
2022-08-11 20:55:13,619 [INFO] GET children of 13325 (paged) HTTP Status Code: 200
2022-08-11 20:55:14,077 [INFO] GET children of 13325 (paged) HTTP Status Code: 200
2022-08-11 20:55:14,510 [INFO] GET children of 13325 (paged) HTTP Status Code: 200
2022-08-11 20:55:15,000 [INFO] GET children of 13325 (paged) HTTP Status Code: 200
2022-08-11 20:55:15,430 [INFO] GET children of 13325 (paged) HTTP Status Code: 200
2022-08-11 20:55:16,015 [INFO] GET children of 13325 (paged) HTTP Status Code: 200
2022-08-11 20:55:16,437 [INFO] GET children of 13325 (paged) HTTP Status Code: 200
2022-08-11 21:08:52,973 [INFO] GET children of 13325 (paged) HTTP Status Code: 200
2022-08-11 21:08:53,415 [INFO] GET children of 13325 (paged) HTTP Status Code: 200
2022-08-11 21:08:53,850 [INFO] GET children of 13325 (paged) HTTP Status Code: 200
2022-08-11 21:08:54,287 [INFO] GET children of 13325 (paged) HTTP Status Code: 200
2022-08-11 21:08:54,727 [INFO] GET children of 13325 (paged) HTTP Status Code: 200
2022-08-11 21:08:55,160 [INFO] GET children of 13325 (paged) HTTP Status Code: 200
2022-08-11 21:08:55,583 [INFO] GET children of 13325 (paged) HTTP Status Code: 200
2022-08-11 21:09:43,963 [INFO] GET children of 13325 (paged) HTTP Status Code: 200
2022-08-11 21:09:44,410 [INFO] GET children of 13325 (paged) HTTP Status Code: 200
2022-08-11 21:09:44,855 [INFO] GET children of 13325 (paged) HTTP Status Code: 200
2022-08-11 21:09:45,286 [INFO] GET children of 13325 (paged) HTTP Status Code: 200
2022-08-11 21:11:12,332 [INFO] GET children of 13325 (paged) HTTP Status Code: 200
2022-08-11 21:11:12,845 [INFO] GET children of 13325 (paged) HTTP Status Code: 200
2022-08-11 21:11:13,284 [INFO] GET children of 13325 (paged) HTTP Status Code: 200
2022-08-11 21:11:13,751 [INFO] GET children of 13325 (paged) HTTP Status Code: 200
2022-08-11 21:11:14,198 [INFO] GET children of 13325 (paged) HTTP Status Code: 200
2022-08-11 21:11:14,649 [INFO] GET children of 13325 (paged) HTTP Status Code: 200
2022-08-11 21:11:15,086 [INFO] GET children of 13325 (paged) HTTP Status Code: 200
2022-08-11 21:11:57,339 [INFO] GET children of 13325 (paged) HTTP Status Code: 200
2022-08-11 21:11:57,781 [INFO] GET children of 13325 (paged) HTTP Status Code: 200
2022-08-11 21:11:58,260 [INFO] GET children of 13325 (paged) HTTP Status Code: 200
2022-08-11 21:11:58,709 [INFO] GET children of 13325 (paged) HTTP Status Code: 200
2022-08-11 21:11:59,185 [INFO] GET children of 13325 (paged) HTTP Status Code: 200
2022-08-11 21:11:59,637 [INFO] GET children of 13325 (paged) HTTP Status Code: 200
2022-08-11 21:12:00,071 [INFO] GET children of 13325 (paged) HTTP Status Code: 200
2022-08-11 21:12:28,202 [INFO] GET children of 13325 (paged) HTTP Status Code: 200
2022-08-11 21:12:28,644 [INFO] GET children of 13325 (paged) HTTP Status Code: 200
2022-08-11 21:12:29,109 [INFO] GET children of 13325 (paged) HTTP Status Code: 200
2022-08-11 21:12:29,603 [INFO] GET children of 13325 (paged) HTTP Status Code: 200
2022-08-11 21:12:30,071 [INFO] GET children of 13325 (paged) HTTP Status Code: 200
2022-08-11 21:12:30,507 [INFO] GET children of 13325 (paged) HTTP Status Code: 200
2022-08-11 21:12:30,970 [INFO] GET children of 13325 (paged) HTTP Status Code: 200
2022-08-11 21:13:11,235 [INFO] GET children of 13325 (paged) HTTP Status Code: 200
2022-08-11 21:13:11,718 [INFO] GET children of 13325 (paged) HTTP Status Code: 200
2022-08-11 21:13:12,190 [INFO] GET children of 13325 (paged) HTTP Status Code: 200
2022-08-11 21:13:12,631 [INFO] GET children of 13325 (paged) HTTP Status Code: 200
2022-08-11 21:13:13,109 [INFO] GET children of 13325 (paged) HTTP Status Code: 200
2022-08-11 21:13:13,577 [INFO] GET children of 13325 (paged) HTTP Status Code: 200
2022-08-11 21:13:14,045 [INFO] GET children of 13325 (paged) HTTP Status Code: 200
2022-08-11 21:14:17,711 [INFO] GET children of 13325 (paged) HTTP Status Code: 200
2022-08-11 21:14:18,199 [INFO] GET children of 13325 (paged) HTTP Status Code: 200
2022-08-11 21:14:18,690 [INFO] GET children of 13325 (paged) HTTP Status Code: 200
2022-08-11 21:14:19,153 [INFO] GET children of 13325 (paged) HTTP Status Code: 200
2022-08-11 21:14:19,617 [INFO] GET children of 13325 (paged) HTTP Status Code: 200
2022-08-11 21:14:20,064 [INFO] GET children of 13325 (paged) HTTP Status Code: 200
2022-08-11 21:14:20,525 [INFO] GET children of 13325 (paged) HTTP Status Code: 200
2022-08-11 21:14:54,403 [INFO] GET children of 13325 (paged) HTTP Status Code: 200
2022-08-11 21:14:54,858 [INFO] GET children of 13325 (paged) HTTP Status Code: 200
2022-08-11 21:14:55,327 [INFO] GET children of 13325 (paged) HTTP Status Code: 200
2022-08-11 21:14:55,797 [INFO] GET children of 13325 (paged) HTTP Status Code: 200
2022-08-11 21:14:56,240 [INFO] GET children of 13325 (paged) HTTP Status Code: 200
2022-08-11 21:14:56,686 [INFO] GET children of 13325 (paged) HTTP Status Code: 200
2022-08-11 21:14:57,135 [INFO] GET children of 13325 (paged) HTTP Status Code: 200
2022-08-11 21:15:55,980 [INFO] GET children of 13325 (paged) HTTP Status Code: 200
2022-08-11 21:15:56,447 [INFO] GET children of 13325 (paged) HTTP Status Code: 200
2022-08-11 21:15:56,893 [INFO] GET children of 13325 (paged) HTTP Status Code: 200
2022-08-11 21:15:57,380 [INFO] GET children of 13325 (paged) HTTP Status Code: 200
2022-08-11 21:15:57,849 [INFO] GET children of 13325 (paged) HTTP Status Code: 200
2022-08-11 21:15:58,324 [INFO] GET children of 13325 (paged) HTTP Status Code: 200
2022-08-11 21:15:58,756 [INFO] GET children of 13325 (paged) HTTP Status Code: 200
2022-08-11 21:17:08,116 [INFO] GET children of 13325 (paged) HTTP Status Code: 200
2022-08-11 21:17:08,582 [INFO] GET children of 13325 (paged) HTTP Status Code: 200
2022-08-11 21:17:09,026 [INFO] GET children of 13325 (paged) HTTP Status Code: 200
2022-08-11 21:17:09,505 [INFO] GET children of 13325 (paged) HTTP Status Code: 200
2022-08-11 21:17:09,946 [INFO] GET children of 13325 (paged) HTTP Status Code: 200
2022-08-11 21:17:10,426 [INFO] GET children of 13325 (paged) HTTP Status Code: 200
2022-08-11 21:17:10,889 [INFO] GET children of 13325 (paged) HTTP Status Code: 200
2022-08-11 21:20:19,619 [INFO] GET children of 13325 (paged) HTTP Status Code: 200
2022-08-11 21:20:20,067 [INFO] GET children of 13325 (paged) HTTP Status Code: 200
2022-08-11 21:20:20,506 [INFO] GET children of 13325 (paged) HTTP Status Code: 200
2022-08-11 21:20:20,975 [INFO] GET children of 13325 (paged) HTTP Status Code: 200
2022-08-11 21:20:21,441 [INFO] GET children of 13325 (paged) HTTP Status Code: 200
2022-08-11 21:20:21,914 [INFO] GET children of 13325 (paged) HTTP Status Code: 200
2022-08-11 21:20:22,374 [INFO] GET children of 13325 (paged) HTTP Status Code: 200
2022-08-11 21:20:53,722 [INFO] GET children of 13325 (paged) HTTP Status Code: 200
2022-08-11 21:20:54,162 [INFO] GET children of 13325 (paged) HTTP Status Code: 200
2022-08-11 21:20:54,627 [INFO] GET children of 13325 (paged) HTTP Status Code: 200
2022-08-11 21:20:55,078 [INFO] GET children of 13325 (paged) HTTP Status Code: 200
2022-08-11 21:20:55,517 [INFO] GET children of 13325 (paged) HTTP Status Code: 200
2022-08-11 21:20:55,960 [INFO] GET children of 13325 (paged) HTTP Status Code: 200
2022-08-11 21:20:56,395 [INFO] GET children of 13325 (paged) HTTP Status Code: 200
2022-08-11 21:24:17,311 [INFO] GET children of 13325 (paged) HTTP Status Code: 200
2022-08-11 21:24:17,786 [INFO] GET children of 13325 (paged) HTTP Status Code: 200
2022-08-11 21:24:18,228 [INFO] GET children of 13325 (paged) HTTP Status Code: 200
2022-08-11 21:24:18,709 [INFO] GET children of 13325 (paged) HTTP Status Code: 200
2022-08-11 21:24:19,173 [INFO] GET children of 13325 (paged) HTTP Status Code: 200
2022-08-11 21:24:19,620 [INFO] GET children of 13325 (paged) HTTP Status Code: 200
2022-08-11 21:24:20,062 [INFO] GET children of 13325 (paged) HTTP Status Code: 200
2022-08-11 21:25:02,413 [INFO] GET children of 13325 (paged) HTTP Status Code: 200
2022-08-11 21:25:02,923 [INFO] GET children of 13325 (paged) HTTP Status Code: 200
2022-08-11 21:25:03,411 [INFO] GET children of 13325 (paged) HTTP Status Code: 200
2022-08-11 21:25:03,893 [INFO] GET children of 13325 (paged) HTTP Status Code: 200
2022-08-11 21:25:04,335 [INFO] GET children of 13325 (paged) HTTP Status Code: 200
2022-08-11 21:25:04,800 [INFO] GET children of 13325 (paged) HTTP Status Code: 200
2022-08-11 21:25:05,271 [INFO] GET children of 13325 (paged) HTTP Status Code: 200
2022-08-11 21:26:01,464 [INFO] GET children of 13325 (paged) HTTP Status Code: 200
2022-08-11 21:26:01,948 [INFO] GET children of 13325 (paged) HTTP Status Code: 200
2022-08-11 21:26:02,386 [INFO] GET children of 13325 (paged) HTTP Status Code: 200
2022-08-11 21:26:02,880 [INFO] GET children of 13325 (paged) HTTP Status Code: 200
2022-08-11 21:26:03,345 [INFO] GET children of 13325 (paged) HTTP Status Code: 200
2022-08-11 21:26:03,787 [INFO] GET children of 13325 (paged) HTTP Status Code: 200
2022-08-11 21:26:04,248 [INFO] GET children of 13325 (paged) HTTP Status Code: 200
2022-08-11 21:27:17,227 [INFO] GET children of 13325 (paged) HTTP Status Code: 200
2022-08-11 21:27:17,674 [INFO] GET children of 13325 (paged) HTTP Status Code: 200
2022-08-11 21:27:18,115 [INFO] GET children of 13325 (paged) HTTP Status Code: 200
2022-08-11 21:27:18,591 [INFO] GET children of 13325 (paged) HTTP Status Code: 200
2022-08-11 21:27:19,030 [INFO] GET children of 13325 (paged) HTTP Status Code: 200
2022-08-11 21:27:19,467 [INFO] GET children of 13325 (paged) HTTP Status Code: 200
2022-08-11 21:27:19,933 [INFO] GET children of 13325 (paged) HTTP Status Code: 200
2022-08-11 21:28:24,443 [INFO] GET children of 13325 (paged) HTTP Status Code: 200
2022-08-11 21:28:24,886 [INFO] GET children of 13325 (paged) HTTP Status Code: 200
2022-08-11 21:28:25,364 [INFO] GET children of 13325 (paged) HTTP Status Code: 200
2022-08-11 21:28:25,816 [INFO] GET children of 13325 (paged) HTTP Status Code: 200
2022-08-11 21:28:26,297 [INFO] GET children of 13325 (paged) HTTP Status Code: 200
2022-08-11 21:28:26,747 [INFO] GET children of 13325 (paged) HTTP Status Code: 200
2022-08-11 21:28:27,180 [INFO] GET children of 13325 (paged) HTTP Status Code: 200
2022-08-11 21:31:15,507 [INFO] GET children of 13325 (paged) HTTP Status Code: 200
2022-08-11 21:31:16,037 [INFO] GET children of 13325 (paged) HTTP Status Code: 200
2022-08-11 21:31:16,496 [INFO] GET children of 13325 (paged) HTTP Status Code: 200
2022-08-11 21:31:16,965 [INFO] GET children of 13325 (paged) HTTP Status Code: 200
2022-08-11 21:31:17,452 [INFO] GET children of 13325 (paged) HTTP Status Code: 200
2022-08-11 21:31:17,909 [INFO] GET children of 13325 (paged) HTTP Status Code: 200
2022-08-11 21:31:18,385 [INFO] GET children of 13325 (paged) HTTP Status Code: 200
2022-08-11 21:32:13,144 [INFO] GET children of 13325 (paged) HTTP Status Code: 200
2022-08-11 21:32:13,599 [INFO] GET children of 13325 (paged) HTTP Status Code: 200
2022-08-11 21:32:14,060 [INFO] GET children of 13325 (paged) HTTP Status Code: 200
2022-08-11 21:32:14,551 [INFO] GET children of 13325 (paged) HTTP Status Code: 200
2022-08-11 21:32:15,032 [INFO] GET children of 13325 (paged) HTTP Status Code: 200
2022-08-11 21:32:15,463 [INFO] GET children of 13325 (paged) HTTP Status Code: 200
2022-08-11 21:32:15,897 [INFO] GET children of 13325 (paged) HTTP Status Code: 200
2022-08-11 21:33:51,711 [INFO] GET children of 13325 (paged) HTTP Status Code: 200
2022-08-11 21:33:52,182 [INFO] GET children of 13325 (paged) HTTP Status Code: 200
2022-08-11 21:33:52,623 [INFO] GET children of 13325 (paged) HTTP Status Code: 200
2022-08-11 21:33:53,085 [INFO] GET children of 13325 (paged) HTTP Status Code: 200
2022-08-11 21:33:53,572 [INFO] GET children of 13325 (paged) HTTP Status Code: 200
2022-08-11 21:33:54,011 [INFO] GET children of 13325 (paged) HTTP Status Code: 200
2022-08-11 21:33:54,473 [INFO] GET children of 13325 (paged) HTTP Status Code: 200
2022-08-11 21:34:49,559 [INFO] GET children of 13325 (paged) HTTP Status Code: 200
2022-08-11 21:34:50,028 [INFO] GET children of 13325 (paged) HTTP Status Code: 200
2022-08-11 21:34:50,467 [INFO] GET children of 13325 (paged) HTTP Status Code: 200
2022-08-11 21:34:50,952 [INFO] GET children of 13325 (paged) HTTP Status Code: 200
2022-08-11 21:34:51,391 [INFO] GET children of 13325 (paged) HTTP Status Code: 200
2022-08-11 21:34:51,856 [INFO] GET children of 13325 (paged) HTTP Status Code: 200
2022-08-11 21:34:52,296 [INFO] GET children of 13325 (paged) HTTP Status Code: 200
2022-08-11 21:37:41,962 [INFO] GET children of 13325 (paged) HTTP Status Code: 200
2022-08-11 21:37:42,411 [INFO] GET children of 13325 (paged) HTTP Status Code: 200
2022-08-11 21:37:42,847 [INFO] GET children of 13325 (paged) HTTP Status Code: 200
2022-08-11 21:37:43,340 [INFO] GET children of 13325 (paged) HTTP Status Code: 200
2022-08-11 21:37:43,782 [INFO] GET children of 13325 (paged) HTTP Status Code: 200
2022-08-11 21:37:44,257 [INFO] GET children of 13325 (paged) HTTP Status Code: 200
2022-08-11 21:37:44,688 [INFO] GET children of 13325 (paged) HTTP Status Code: 200
2022-08-11 21:38:05,159 [INFO] GET children of 13325 (paged) HTTP Status Code: 200
2022-08-11 21:38:05,618 [INFO] GET children of 13325 (paged) HTTP Status Code: 200
2022-08-11 21:38:06,054 [INFO] GET children of 13325 (paged) HTTP Status Code: 200
2022-08-11 21:38:06,507 [INFO] GET children of 13325 (paged) HTTP Status Code: 200
2022-08-11 21:38:06,978 [INFO] GET children of 13325 (paged) HTTP Status Code: 200
2022-08-11 21:38:07,454 [INFO] GET children of 13325 (paged) HTTP Status Code: 200
2022-08-11 21:38:07,912 [INFO] GET children of 13325 (paged) HTTP Status Code: 200
2022-08-11 22:04:50,663 [INFO] GET children of 13325 (paged) HTTP Status Code: 200
2022-08-11 22:04:51,157 [INFO] GET children of 13325 (paged) HTTP Status Code: 200
2022-08-11 22:04:51,627 [INFO] GET children of 13325 (paged) HTTP Status Code: 200
2022-08-11 22:04:52,105 [INFO] GET children of 13325 (paged) HTTP Status Code: 200
2022-08-11 22:04:52,591 [INFO] GET children of 13325 (paged) HTTP Status Code: 200
2022-08-11 22:04:53,066 [INFO] GET children of 13325 (paged) HTTP Status Code: 200
2022-08-11 22:04:53,527 [INFO] GET children of 13325 (paged) HTTP Status Code: 200
2022-08-11 22:07:48,257 [INFO] GET children of 13325 (paged) HTTP Status Code: 200
2022-08-11 22:07:48,722 [INFO] GET children of 13325 (paged) HTTP Status Code: 200
2022-08-11 22:07:49,164 [INFO] GET children of 13325 (paged) HTTP Status Code: 200
2022-08-11 22:07:49,613 [INFO] GET children of 13325 (paged) HTTP Status Code: 200
2022-08-11 22:07:50,059 [INFO] GET children of 13325 (paged) HTTP Status Code: 200
2022-08-11 22:07:50,500 [INFO] GET children of 13325 (paged) HTTP Status Code: 200
2022-08-11 22:07:50,964 [INFO] GET children of 13325 (paged) HTTP Status Code: 200
